<!DOCTYPE html>

<html>
  <head>
  <meta charset='utf-8'>
  <title>TestNG reports</title>

    <link type="text/css" href="testng-reports.css" rel="stylesheet" />
    <script type="text/javascript" src="jquery-1.7.1.min.js"></script>
    <script type="text/javascript" src="testng-reports.js"></script>
    <script type="text/javascript" src="https://www.google.com/jsapi"></script>
    <script type='text/javascript'>
      google.load('visualization', '1', {packages:['table']});
      google.setOnLoadCallback(drawTable);
      var suiteTableInitFunctions = new Array();
      var suiteTableData = new Array();
    </script>
    <!--
      <script type="text/javascript" src="jquery-ui/js/jquery-ui-1.8.16.custom.min.js"></script>
     -->
  </head>

  <body>
    <div class="top-banner-root">
      <span class="top-banner-title-font">Test results</span>
      <br/>
      <span class="top-banner-font-1">1 suite, 5 failed tests</span>
    </div> <!-- top-banner-root -->
    <div class="navigator-root">
      <div class="navigator-suite-header">
        <span>All suites</span>
        <a href="#" class="collapse-all-link" title="Collapse/expand all the suites">
          <img class="collapse-all-icon" src="collapseall.gif">
          </img> <!-- collapse-all-icon -->
        </a> <!-- collapse-all-link -->
      </div> <!-- navigator-suite-header -->
      <div class="suite">
        <div class="rounded-window">
          <div class="suite-header light-rounded-window-top">
            <a href="#" class="navigator-link" panel-name="suite-Suite">
              <span class="suite-name border-failed">Suite</span>
            </a> <!-- navigator-link -->
          </div> <!-- suite-header light-rounded-window-top -->
          <div class="navigator-suite-content">
            <div class="suite-section-title">
              <span>Info</span>
            </div> <!-- suite-section-title -->
            <div class="suite-section-content">
              <ul>
                <li>
                  <a href="#" class="navigator-link " panel-name="test-xml-Suite">
                    <span>D:\All_Selenium_Projects\CodeElanAutomationFramework\src\test\resources\testng.xml</span>
                  </a> <!-- navigator-link  -->
                </li>
                <li>
                  <a href="#" class="navigator-link " panel-name="testlist-Suite">
                    <span class="test-stats">1 test</span>
                  </a> <!-- navigator-link  -->
                </li>
                <li>
                  <a href="#" class="navigator-link " panel-name="group-Suite">
                    <span>0 groups</span>
                  </a> <!-- navigator-link  -->
                </li>
                <li>
                  <a href="#" class="navigator-link " panel-name="times-Suite">
                    <span>Times</span>
                  </a> <!-- navigator-link  -->
                </li>
                <li>
                  <a href="#" class="navigator-link " panel-name="reporter-Suite">
                    <span>Reporter output</span>
                  </a> <!-- navigator-link  -->
                </li>
                <li>
                  <a href="#" class="navigator-link " panel-name="ignored-methods-Suite">
                    <span>Ignored methods</span>
                  </a> <!-- navigator-link  -->
                </li>
                <li>
                  <a href="#" class="navigator-link " panel-name="chronological-Suite">
                    <span>Chronological view</span>
                  </a> <!-- navigator-link  -->
                </li>
              </ul>
            </div> <!-- suite-section-content -->
            <div class="result-section">
              <div class="suite-section-title">
                <span>Results</span>
              </div> <!-- suite-section-title -->
              <div class="suite-section-content">
                <ul>
                  <li>
                    <span class="method-stats">7 methods, 5 failed,   2 passed</span>
                  </li>
                  <li>
                    <span class="method-list-title failed">Failed methods</span>
                    <span class="show-or-hide-methods failed">
                      <a href="#" panel-name="suite-Suite" class="hide-methods failed suite-Suite"> (hide)</a> <!-- hide-methods failed suite-Suite -->
                      <a href="#" panel-name="suite-Suite" class="show-methods failed suite-Suite"> (show)</a> <!-- show-methods failed suite-Suite -->
                    </span>
                    <div class="method-list-content failed suite-Suite">
                      <span>
                        <img width="3%" src="failed.png"/>
                        <a href="#" class="method navigator-link" panel-name="suite-Suite" title="com.qa.codeElan.TestPages.BusinessFinancePageTest" hash-for-method="getApproveIdeaOnBFPageTest">getApproveIdeaOnBFPageTest</a> <!-- method navigator-link -->
                      </span>
                      <br/>
                      <span>
                        <img width="3%" src="failed.png"/>
                        <a href="#" class="method navigator-link" panel-name="suite-Suite" title="com.qa.codeElan.TestPages.Level2PageTest" hash-for-method="getApproveLevel2PageTest">getApproveLevel2PageTest</a> <!-- method navigator-link -->
                      </span>
                      <br/>
                      <span>
                        <img width="3%" src="failed.png"/>
                        <a href="#" class="method navigator-link" panel-name="suite-Suite" title="com.qa.codeElan.TestPages.Level3PageTest" hash-for-method="getApproveLevel3PageTest">getApproveLevel3PageTest</a> <!-- method navigator-link -->
                      </span>
                      <br/>
                      <span>
                        <img width="3%" src="failed.png"/>
                        <a href="#" class="method navigator-link" panel-name="suite-Suite" title="com.qa.codeElan.TestPages.Level4PageTest" hash-for-method="getApproveLevel4PageTest">getApproveLevel4PageTest</a> <!-- method navigator-link -->
                      </span>
                      <br/>
                      <span>
                        <img width="3%" src="failed.png"/>
                        <a href="#" class="method navigator-link" panel-name="suite-Suite" title="com.qa.codeElan.TestPages.IdeatorPageTest" hash-for-method="getConvertMainIdeaTest">getConvertMainIdeaTest</a> <!-- method navigator-link -->
                      </span>
                      <br/>
                    </div> <!-- method-list-content failed suite-Suite -->
                  </li>
                  <li>
                    <span class="method-list-title passed">Passed methods</span>
                    <span class="show-or-hide-methods passed">
                      <a href="#" panel-name="suite-Suite" class="hide-methods passed suite-Suite"> (hide)</a> <!-- hide-methods passed suite-Suite -->
                      <a href="#" panel-name="suite-Suite" class="show-methods passed suite-Suite"> (show)</a> <!-- show-methods passed suite-Suite -->
                    </span>
                    <div class="method-list-content passed suite-Suite">
                      <span>
                        <img width="3%" src="passed.png"/>
                        <a href="#" class="method navigator-link" panel-name="suite-Suite" title="com.qa.codeElan.TestPages.Level1PageTest" hash-for-method="getApproveIdeaOnLevel1Page">getApproveIdeaOnLevel1Page</a> <!-- method navigator-link -->
                      </span>
                      <br/>
                      <span>
                        <img width="3%" src="passed.png"/>
                        <a href="#" class="method navigator-link" panel-name="suite-Suite" title="com.qa.codeElan.TestPages.IdeatorPageTest" hash-for-method="getCreateIdeaTest">getCreateIdeaTest</a> <!-- method navigator-link -->
                      </span>
                      <br/>
                    </div> <!-- method-list-content passed suite-Suite -->
                  </li>
                </ul>
              </div> <!-- suite-section-content -->
            </div> <!-- result-section -->
          </div> <!-- navigator-suite-content -->
        </div> <!-- rounded-window -->
      </div> <!-- suite -->
    </div> <!-- navigator-root -->
    <div class="wrapper">
      <div class="main-panel-root">
        <div panel-name="suite-Suite" class="panel Suite">
          <div class="suite-Suite-class-failed">
            <div class="main-panel-header rounded-window-top">
              <img src="failed.png"/>
              <span class="class-name">com.qa.codeElan.TestPages.Level3PageTest</span>
            </div> <!-- main-panel-header rounded-window-top -->
            <div class="main-panel-content rounded-window-bottom">
              <div class="method">
                <div class="method-content">
                  <a name="getApproveLevel3PageTest">
                  </a> <!-- getApproveLevel3PageTest -->
                  <span class="method-name">getApproveLevel3PageTest</span>
                  <div class="stack-trace">org.openqa.selenium.TimeoutException: Expected condition failed: waiting for element to be clickable: By.xpath: //button[contains(@name,&apos;btnApproveContent&apos;)] (tried for 120 second(s) with 500 milliseconds interval)
	at org.openqa.selenium.support.ui.WebDriverWait.timeoutException(WebDriverWait.java:95)
	at org.openqa.selenium.support.ui.FluentWait.until(FluentWait.java:272)
	at com.qa.codeElan.Utils.ElementUtils.waitForElementClickable(ElementUtils.java:137)
	at com.qa.codeElan.Utils.ElementUtils.doClick(ElementUtils.java:121)
	at com.qa.codeElan.page.Level3_Page.getIdeaApproveOnLevel3Page(Level3_Page.java:40)
	at com.qa.codeElan.TestPages.Level3PageTest.getApproveLevel3PageTest(Level3PageTest.java:41)
Caused by: org.openqa.selenium.NoSuchElementException: no such element: Unable to locate element: {&quot;method&quot;:&quot;xpath&quot;,&quot;selector&quot;:&quot;//button[contains(@name,&apos;btnApproveContent&apos;)]&quot;}
  (Session info: chrome=84.0.4147.105)
For documentation on this error, please visit: https://www.seleniumhq.org/exceptions/no_such_element.html
Build info: version: &apos;3.141.59&apos;, revision: &apos;e82be7d358&apos;, time: &apos;2018-11-14T08:17:03&apos;
System info: host: &apos;DELL&apos;, ip: &apos;192.168.0.104&apos;, os.name: &apos;Windows 8.1&apos;, os.arch: &apos;amd64&apos;, os.version: &apos;6.3&apos;, java.version: &apos;1.8.0_251&apos;
Driver info: org.openqa.selenium.chrome.ChromeDriver
Capabilities {acceptInsecureCerts: false, browserName: chrome, browserVersion: 84.0.4147.105, chrome: {chromedriverVersion: 84.0.4147.30 (48b3e868b4cc0..., userDataDir: C:\Users\Kamal\AppData\Loca...}, goog:chromeOptions: {debuggerAddress: localhost:52147}, javascriptEnabled: true, networkConnectionEnabled: false, pageLoadStrategy: normal, platform: WINDOWS, platformName: WINDOWS, proxy: Proxy(), setWindowRect: true, strictFileInteractability: false, timeouts: {implicit: 0, pageLoad: 300000, script: 30000}, unhandledPromptBehavior: dismiss and notify, webauthn:virtualAuthenticators: true}
Session ID: d305ad99efacd0f05b1a7d3703734516
*** Element info: {Using=xpath, value=//button[contains(@name,&apos;btnApproveContent&apos;)]}
	at org.openqa.selenium.remote.http.W3CHttpResponseCodec.createException(W3CHttpResponseCodec.java:187)
	at org.openqa.selenium.remote.http.W3CHttpResponseCodec.decode(W3CHttpResponseCodec.java:122)
	at org.openqa.selenium.remote.http.W3CHttpResponseCodec.decode(W3CHttpResponseCodec.java:49)
	at org.openqa.selenium.remote.HttpCommandExecutor.execute(HttpCommandExecutor.java:158)
	at org.openqa.selenium.remote.service.DriverCommandExecutor.execute(DriverCommandExecutor.java:83)
	at org.openqa.selenium.remote.RemoteWebDriver.execute(RemoteWebDriver.java:552)
	at org.openqa.selenium.remote.RemoteWebDriver.findElement(RemoteWebDriver.java:323)
	at org.openqa.selenium.remote.RemoteWebDriver.findElementByXPath(RemoteWebDriver.java:428)
	at org.openqa.selenium.By$ByXPath.findElement(By.java:353)
	at org.openqa.selenium.remote.RemoteWebDriver.findElement(RemoteWebDriver.java:315)
	at org.openqa.selenium.support.ui.ExpectedConditions$7.apply(ExpectedConditions.java:205)
	at org.openqa.selenium.support.ui.ExpectedConditions$7.apply(ExpectedConditions.java:201)
	at org.openqa.selenium.support.ui.ExpectedConditions$22.apply(ExpectedConditions.java:641)
	at org.openqa.selenium.support.ui.ExpectedConditions$22.apply(ExpectedConditions.java:638)
	at org.openqa.selenium.support.ui.FluentWait.until(FluentWait.java:249)
	... 29 more
... Removed 28 stack frames
</div> <!-- stack-trace -->
                </div> <!-- method-content -->
              </div> <!-- method -->
            </div> <!-- main-panel-content rounded-window-bottom -->
          </div> <!-- suite-Suite-class-failed -->
          <div class="suite-Suite-class-failed">
            <div class="main-panel-header rounded-window-top">
              <img src="failed.png"/>
              <span class="class-name">com.qa.codeElan.TestPages.Level2PageTest</span>
            </div> <!-- main-panel-header rounded-window-top -->
            <div class="main-panel-content rounded-window-bottom">
              <div class="method">
                <div class="method-content">
                  <a name="getApproveLevel2PageTest">
                  </a> <!-- getApproveLevel2PageTest -->
                  <span class="method-name">getApproveLevel2PageTest</span>
                  <div class="stack-trace">org.openqa.selenium.TimeoutException: Expected condition failed: waiting for element to be clickable: By.xpath: //button[contains(@name,&apos;btnApproveContent&apos;)] (tried for 120 second(s) with 500 milliseconds interval)
	at org.openqa.selenium.support.ui.WebDriverWait.timeoutException(WebDriverWait.java:95)
	at org.openqa.selenium.support.ui.FluentWait.until(FluentWait.java:272)
	at com.qa.codeElan.Utils.ElementUtils.waitForElementClickable(ElementUtils.java:137)
	at com.qa.codeElan.Utils.ElementUtils.doClick(ElementUtils.java:121)
	at com.qa.codeElan.page.Level2_Page.getIdeaValidateOnLevel2Page(Level2_Page.java:35)
	at com.qa.codeElan.TestPages.Level2PageTest.getApproveLevel2PageTest(Level2PageTest.java:41)
Caused by: org.openqa.selenium.NoSuchElementException: no such element: Unable to locate element: {&quot;method&quot;:&quot;xpath&quot;,&quot;selector&quot;:&quot;//button[contains(@name,&apos;btnApproveContent&apos;)]&quot;}
  (Session info: chrome=84.0.4147.105)
For documentation on this error, please visit: https://www.seleniumhq.org/exceptions/no_such_element.html
Build info: version: &apos;3.141.59&apos;, revision: &apos;e82be7d358&apos;, time: &apos;2018-11-14T08:17:03&apos;
System info: host: &apos;DELL&apos;, ip: &apos;192.168.0.104&apos;, os.name: &apos;Windows 8.1&apos;, os.arch: &apos;amd64&apos;, os.version: &apos;6.3&apos;, java.version: &apos;1.8.0_251&apos;
Driver info: org.openqa.selenium.chrome.ChromeDriver
Capabilities {acceptInsecureCerts: false, browserName: chrome, browserVersion: 84.0.4147.105, chrome: {chromedriverVersion: 84.0.4147.30 (48b3e868b4cc0..., userDataDir: C:\Users\Kamal\AppData\Loca...}, goog:chromeOptions: {debuggerAddress: localhost:51617}, javascriptEnabled: true, networkConnectionEnabled: false, pageLoadStrategy: normal, platform: WINDOWS, platformName: WINDOWS, proxy: Proxy(), setWindowRect: true, strictFileInteractability: false, timeouts: {implicit: 0, pageLoad: 300000, script: 30000}, unhandledPromptBehavior: dismiss and notify, webauthn:virtualAuthenticators: true}
Session ID: 8bb9584ee93e8b9f854190263b0792cf
*** Element info: {Using=xpath, value=//button[contains(@name,&apos;btnApproveContent&apos;)]}
	at org.openqa.selenium.remote.http.W3CHttpResponseCodec.createException(W3CHttpResponseCodec.java:187)
	at org.openqa.selenium.remote.http.W3CHttpResponseCodec.decode(W3CHttpResponseCodec.java:122)
	at org.openqa.selenium.remote.http.W3CHttpResponseCodec.decode(W3CHttpResponseCodec.java:49)
	at org.openqa.selenium.remote.HttpCommandExecutor.execute(HttpCommandExecutor.java:158)
	at org.openqa.selenium.remote.service.DriverCommandExecutor.execute(DriverCommandExecutor.java:83)
	at org.openqa.selenium.remote.RemoteWebDriver.execute(RemoteWebDriver.java:552)
	at org.openqa.selenium.remote.RemoteWebDriver.findElement(RemoteWebDriver.java:323)
	at org.openqa.selenium.remote.RemoteWebDriver.findElementByXPath(RemoteWebDriver.java:428)
	at org.openqa.selenium.By$ByXPath.findElement(By.java:353)
	at org.openqa.selenium.remote.RemoteWebDriver.findElement(RemoteWebDriver.java:315)
	at org.openqa.selenium.support.ui.ExpectedConditions$7.apply(ExpectedConditions.java:205)
	at org.openqa.selenium.support.ui.ExpectedConditions$7.apply(ExpectedConditions.java:201)
	at org.openqa.selenium.support.ui.ExpectedConditions$22.apply(ExpectedConditions.java:641)
	at org.openqa.selenium.support.ui.ExpectedConditions$22.apply(ExpectedConditions.java:638)
	at org.openqa.selenium.support.ui.FluentWait.until(FluentWait.java:249)
	... 29 more
... Removed 28 stack frames
</div> <!-- stack-trace -->
                </div> <!-- method-content -->
              </div> <!-- method -->
            </div> <!-- main-panel-content rounded-window-bottom -->
          </div> <!-- suite-Suite-class-failed -->
          <div class="suite-Suite-class-failed">
            <div class="main-panel-header rounded-window-top">
              <img src="failed.png"/>
              <span class="class-name">com.qa.codeElan.TestPages.Level4PageTest</span>
            </div> <!-- main-panel-header rounded-window-top -->
            <div class="main-panel-content rounded-window-bottom">
              <div class="method">
                <div class="method-content">
                  <a name="getApproveLevel4PageTest">
                  </a> <!-- getApproveLevel4PageTest -->
                  <span class="method-name">getApproveLevel4PageTest</span>
                  <div class="stack-trace">org.openqa.selenium.TimeoutException: Expected condition failed: waiting for element to be clickable: By.xpath: //button[contains(@name,&apos;btnApproveContent&apos;)] (tried for 120 second(s) with 500 milliseconds interval)
Build info: version: &apos;3.141.59&apos;, revision: &apos;e82be7d358&apos;, time: &apos;2018-11-14T08:17:03&apos;
System info: host: &apos;DELL&apos;, ip: &apos;192.168.0.104&apos;, os.name: &apos;Windows 8.1&apos;, os.arch: &apos;amd64&apos;, os.version: &apos;6.3&apos;, java.version: &apos;1.8.0_251&apos;
Driver info: org.openqa.selenium.chrome.ChromeDriver
Capabilities {acceptInsecureCerts: false, browserName: chrome, browserVersion: 84.0.4147.105, chrome: {chromedriverVersion: 84.0.4147.30 (48b3e868b4cc0..., userDataDir: C:\Users\Kamal\AppData\Loca...}, goog:chromeOptions: {debuggerAddress: localhost:52722}, javascriptEnabled: true, networkConnectionEnabled: false, pageLoadStrategy: normal, platform: WINDOWS, platformName: WINDOWS, proxy: Proxy(), setWindowRect: true, strictFileInteractability: false, timeouts: {implicit: 0, pageLoad: 300000, script: 30000}, unhandledPromptBehavior: dismiss and notify, webauthn:virtualAuthenticators: true}
Session ID: 9fffc71337eb374f837364f49baa6b12
	at org.openqa.selenium.support.ui.WebDriverWait.timeoutException(WebDriverWait.java:95)
	at org.openqa.selenium.support.ui.FluentWait.until(FluentWait.java:272)
	at com.qa.codeElan.Utils.ElementUtils.waitForElementClickable(ElementUtils.java:137)
	at com.qa.codeElan.Utils.ElementUtils.doClick(ElementUtils.java:121)
	at com.qa.codeElan.page.Level4_Page.getIdeaApproveOnLevel4Page(Level4_Page.java:33)
	at com.qa.codeElan.page.Level4_Page.getInitiateProjectForBreakThrough(Level4_Page.java:46)
	at com.qa.codeElan.TestPages.Level4PageTest.getApproveLevel4PageTest(Level4PageTest.java:40)
... Removed 25 stack frames
</div> <!-- stack-trace -->
                </div> <!-- method-content -->
              </div> <!-- method -->
            </div> <!-- main-panel-content rounded-window-bottom -->
          </div> <!-- suite-Suite-class-failed -->
          <div class="suite-Suite-class-failed">
            <div class="main-panel-header rounded-window-top">
              <img src="failed.png"/>
              <span class="class-name">com.qa.codeElan.TestPages.BusinessFinancePageTest</span>
            </div> <!-- main-panel-header rounded-window-top -->
            <div class="main-panel-content rounded-window-bottom">
              <div class="method">
                <div class="method-content">
                  <a name="getApproveIdeaOnBFPageTest">
                  </a> <!-- getApproveIdeaOnBFPageTest -->
                  <span class="method-name">getApproveIdeaOnBFPageTest</span>
                  <div class="stack-trace">org.openqa.selenium.TimeoutException: Expected condition failed: waiting for element to be clickable: By.xpath: //button[contains(@name,&apos;btnValidateContent&apos;)] (tried for 120 second(s) with 500 milliseconds interval)
Build info: version: &apos;3.141.59&apos;, revision: &apos;e82be7d358&apos;, time: &apos;2018-11-14T08:17:03&apos;
System info: host: &apos;DELL&apos;, ip: &apos;192.168.0.104&apos;, os.name: &apos;Windows 8.1&apos;, os.arch: &apos;amd64&apos;, os.version: &apos;6.3&apos;, java.version: &apos;1.8.0_251&apos;
Driver info: org.openqa.selenium.chrome.ChromeDriver
Capabilities {acceptInsecureCerts: false, browserName: chrome, browserVersion: 84.0.4147.105, chrome: {chromedriverVersion: 84.0.4147.30 (48b3e868b4cc0..., userDataDir: C:\Users\Kamal\AppData\Loca...}, goog:chromeOptions: {debuggerAddress: localhost:51341}, javascriptEnabled: true, networkConnectionEnabled: false, pageLoadStrategy: normal, platform: WINDOWS, platformName: WINDOWS, proxy: Proxy(), setWindowRect: true, strictFileInteractability: false, timeouts: {implicit: 0, pageLoad: 300000, script: 30000}, unhandledPromptBehavior: dismiss and notify, webauthn:virtualAuthenticators: true}
Session ID: 0ed7111bd030406f50136aae7942a410
	at org.openqa.selenium.support.ui.WebDriverWait.timeoutException(WebDriverWait.java:95)
	at org.openqa.selenium.support.ui.FluentWait.until(FluentWait.java:272)
	at com.qa.codeElan.Utils.ElementUtils.waitForElementClickable(ElementUtils.java:137)
	at com.qa.codeElan.Utils.ElementUtils.doClick(ElementUtils.java:121)
	at com.qa.codeElan.page.BusinessFinance_Page.getIdeaValidateOnBFPage(BusinessFinance_Page.java:41)
	at com.qa.codeElan.TestPages.BusinessFinancePageTest.getApproveIdeaOnBFPageTest(BusinessFinancePageTest.java:43)
... Removed 25 stack frames
</div> <!-- stack-trace -->
                </div> <!-- method-content -->
              </div> <!-- method -->
            </div> <!-- main-panel-content rounded-window-bottom -->
          </div> <!-- suite-Suite-class-failed -->
          <div class="suite-Suite-class-failed">
            <div class="main-panel-header rounded-window-top">
              <img src="failed.png"/>
              <span class="class-name">com.qa.codeElan.TestPages.IdeatorPageTest</span>
            </div> <!-- main-panel-header rounded-window-top -->
            <div class="main-panel-content rounded-window-bottom">
              <div class="method">
                <div class="method-content">
                  <a name="getConvertMainIdeaTest">
                  </a> <!-- getConvertMainIdeaTest -->
                  <span class="method-name">getConvertMainIdeaTest</span>
                  <div class="stack-trace">org.openqa.selenium.TimeoutException: Expected condition failed: waiting for element to be clickable: By.xpath: //tbody/tr[1]/td[3]/a[contains(text(),&apos;TestIdea&apos;)] (tried for 120 second(s) with 500 milliseconds interval)
	at org.openqa.selenium.support.ui.WebDriverWait.timeoutException(WebDriverWait.java:95)
	at org.openqa.selenium.support.ui.FluentWait.until(FluentWait.java:272)
	at com.qa.codeElan.Utils.ElementUtils.waitForElementClickable(ElementUtils.java:137)
	at com.qa.codeElan.Utils.ElementUtils.doClick(ElementUtils.java:121)
	at com.qa.codeElan.page.Ideator_Page.getClickOnIdeaOnIdeatorPage(Ideator_Page.java:99)
	at com.qa.codeElan.page.Ideator_Page.getClickOnConvertMainIdeaOnIdeatorPage(Ideator_Page.java:104)
	at com.qa.codeElan.page.Ideator_Page.getConvertToMainIdeaOnIdeatorPage(Ideator_Page.java:132)
	at com.qa.codeElan.TestPages.IdeatorPageTest.getConvertMainIdeaTest(IdeatorPageTest.java:59)
Caused by: org.openqa.selenium.NoSuchElementException: no such element: Unable to locate element: {&quot;method&quot;:&quot;xpath&quot;,&quot;selector&quot;:&quot;//tbody/tr[1]/td[3]/a[contains(text(),&apos;TestIdea&apos;)]&quot;}
  (Session info: chrome=84.0.4147.105)
For documentation on this error, please visit: https://www.seleniumhq.org/exceptions/no_such_element.html
Build info: version: &apos;3.141.59&apos;, revision: &apos;e82be7d358&apos;, time: &apos;2018-11-14T08:17:03&apos;
System info: host: &apos;DELL&apos;, ip: &apos;192.168.0.104&apos;, os.name: &apos;Windows 8.1&apos;, os.arch: &apos;amd64&apos;, os.version: &apos;6.3&apos;, java.version: &apos;1.8.0_251&apos;
Driver info: org.openqa.selenium.chrome.ChromeDriver
Capabilities {acceptInsecureCerts: false, browserName: chrome, browserVersion: 84.0.4147.105, chrome: {chromedriverVersion: 84.0.4147.30 (48b3e868b4cc0..., userDataDir: C:\Users\Kamal\AppData\Loca...}, goog:chromeOptions: {debuggerAddress: localhost:51089}, javascriptEnabled: true, networkConnectionEnabled: false, pageLoadStrategy: normal, platform: WINDOWS, platformName: WINDOWS, proxy: Proxy(), setWindowRect: true, strictFileInteractability: false, timeouts: {implicit: 0, pageLoad: 300000, script: 30000}, unhandledPromptBehavior: dismiss and notify, webauthn:virtualAuthenticators: true}
Session ID: c910df434e78a1dd8ec22cb1863d0529
*** Element info: {Using=xpath, value=//tbody/tr[1]/td[3]/a[contains(text(),&apos;TestIdea&apos;)]}
	at org.openqa.selenium.remote.http.W3CHttpResponseCodec.createException(W3CHttpResponseCodec.java:187)
	at org.openqa.selenium.remote.http.W3CHttpResponseCodec.decode(W3CHttpResponseCodec.java:122)
	at org.openqa.selenium.remote.http.W3CHttpResponseCodec.decode(W3CHttpResponseCodec.java:49)
	at org.openqa.selenium.remote.HttpCommandExecutor.execute(HttpCommandExecutor.java:158)
	at org.openqa.selenium.remote.service.DriverCommandExecutor.execute(DriverCommandExecutor.java:83)
	at org.openqa.selenium.remote.RemoteWebDriver.execute(RemoteWebDriver.java:552)
	at org.openqa.selenium.remote.RemoteWebDriver.findElement(RemoteWebDriver.java:323)
	at org.openqa.selenium.remote.RemoteWebDriver.findElementByXPath(RemoteWebDriver.java:428)
	at org.openqa.selenium.By$ByXPath.findElement(By.java:353)
	at org.openqa.selenium.remote.RemoteWebDriver.findElement(RemoteWebDriver.java:315)
	at org.openqa.selenium.support.ui.ExpectedConditions$7.apply(ExpectedConditions.java:205)
	at org.openqa.selenium.support.ui.ExpectedConditions$7.apply(ExpectedConditions.java:201)
	at org.openqa.selenium.support.ui.ExpectedConditions$22.apply(ExpectedConditions.java:641)
	at org.openqa.selenium.support.ui.ExpectedConditions$22.apply(ExpectedConditions.java:638)
	at org.openqa.selenium.support.ui.FluentWait.until(FluentWait.java:249)
	... 31 more
... Removed 28 stack frames
</div> <!-- stack-trace -->
                </div> <!-- method-content -->
              </div> <!-- method -->
            </div> <!-- main-panel-content rounded-window-bottom -->
          </div> <!-- suite-Suite-class-failed -->
          <div class="suite-Suite-class-passed">
            <div class="main-panel-header rounded-window-top">
              <img src="passed.png"/>
              <span class="class-name">com.qa.codeElan.TestPages.Level1PageTest</span>
            </div> <!-- main-panel-header rounded-window-top -->
            <div class="main-panel-content rounded-window-bottom">
              <div class="method">
                <div class="method-content">
                  <a name="getApproveIdeaOnLevel1Page">
                  </a> <!-- getApproveIdeaOnLevel1Page -->
                  <span class="method-name">getApproveIdeaOnLevel1Page</span>
                </div> <!-- method-content -->
              </div> <!-- method -->
            </div> <!-- main-panel-content rounded-window-bottom -->
          </div> <!-- suite-Suite-class-passed -->
          <div class="suite-Suite-class-passed">
            <div class="main-panel-header rounded-window-top">
              <img src="passed.png"/>
              <span class="class-name">com.qa.codeElan.TestPages.IdeatorPageTest</span>
            </div> <!-- main-panel-header rounded-window-top -->
            <div class="main-panel-content rounded-window-bottom">
              <div class="method">
                <div class="method-content">
                  <a name="getCreateIdeaTest">
                  </a> <!-- getCreateIdeaTest -->
                  <span class="method-name">getCreateIdeaTest</span>
                </div> <!-- method-content -->
              </div> <!-- method -->
            </div> <!-- main-panel-content rounded-window-bottom -->
          </div> <!-- suite-Suite-class-passed -->
        </div> <!-- panel Suite -->
        <div panel-name="test-xml-Suite" class="panel">
          <div class="main-panel-header rounded-window-top">
            <span class="header-content">D:\All_Selenium_Projects\CodeElanAutomationFramework\src\test\resources\testng.xml</span>
          </div> <!-- main-panel-header rounded-window-top -->
          <div class="main-panel-content rounded-window-bottom">
            <pre>
&lt;?xml version=&quot;1.0&quot; encoding=&quot;UTF-8&quot;?&gt;
&lt;!DOCTYPE suite SYSTEM &quot;http://testng.org/testng-1.0.dtd&quot;&gt;
&lt;suite guice-stage=&quot;DEVELOPMENT&quot; name=&quot;Suite&quot;&gt;
  &lt;listeners&gt;
    &lt;listener class-name=&quot;com.qa.codeElan.listeners.TestJiraListener&quot;/&gt;
    &lt;listener class-name=&quot;com.qa.codeElan.listeners.TestAllureListener&quot;/&gt;
    &lt;listener class-name=&quot;com.qa.codeElan.listeners.ExtentReportListener&quot;/&gt;
    &lt;listener class-name=&quot;com.qa.codeElan.listeners.TesultsListener&quot;/&gt;
  &lt;/listeners&gt;
  &lt;test thread-count=&quot;5&quot; name=&quot;Test&quot;&gt;
    &lt;classes&gt;
      &lt;class name=&quot;com.qa.codeElan.basetest.BaseTest&quot;/&gt;
      &lt;class name=&quot;com.qa.codeElan.TestPages.IdeatorPageTest&quot;/&gt;
      &lt;class name=&quot;com.qa.codeElan.TestPages.Level1PageTest&quot;/&gt;
      &lt;class name=&quot;com.qa.codeElan.TestPages.BusinessFinancePageTest&quot;/&gt;
      &lt;class name=&quot;com.qa.codeElan.TestPages.Level2PageTest&quot;/&gt;
      &lt;class name=&quot;com.qa.codeElan.TestPages.Level3PageTest&quot;/&gt;
      &lt;class name=&quot;com.qa.codeElan.TestPages.Level4PageTest&quot;/&gt;
    &lt;/classes&gt;
  &lt;/test&gt; &lt;!-- Test --&gt;
&lt;/suite&gt; &lt;!-- Suite --&gt;
            </pre>
          </div> <!-- main-panel-content rounded-window-bottom -->
        </div> <!-- panel -->
        <div panel-name="testlist-Suite" class="panel">
          <div class="main-panel-header rounded-window-top">
            <span class="header-content">Tests for Suite</span>
          </div> <!-- main-panel-header rounded-window-top -->
          <div class="main-panel-content rounded-window-bottom">
            <ul>
              <li>
                <span class="test-name">Test (7 classes)</span>
              </li>
            </ul>
          </div> <!-- main-panel-content rounded-window-bottom -->
        </div> <!-- panel -->
        <div panel-name="group-Suite" class="panel">
          <div class="main-panel-header rounded-window-top">
            <span class="header-content">Groups for Suite</span>
          </div> <!-- main-panel-header rounded-window-top -->
          <div class="main-panel-content rounded-window-bottom">
          </div> <!-- main-panel-content rounded-window-bottom -->
        </div> <!-- panel -->
        <div panel-name="times-Suite" class="panel">
          <div class="main-panel-header rounded-window-top">
            <span class="header-content">Times for Suite</span>
          </div> <!-- main-panel-header rounded-window-top -->
          <div class="main-panel-content rounded-window-bottom">
            <div class="times-div">
              <script type="text/javascript">
suiteTableInitFunctions.push('tableData_Suite');
function tableData_Suite() {
var data = new google.visualization.DataTable();
data.addColumn('number', 'Number');
data.addColumn('string', 'Method');
data.addColumn('string', 'Class');
data.addColumn('number', 'Time (ms)');
data.addRows(7);
data.setCell(0, 0, 0)
data.setCell(0, 1, 'getApproveLevel3PageTest')
data.setCell(0, 2, 'com.qa.codeElan.TestPages.Level3PageTest')
data.setCell(0, 3, 136368);
data.setCell(1, 0, 1)
data.setCell(1, 1, 'getApproveIdeaOnBFPageTest')
data.setCell(1, 2, 'com.qa.codeElan.TestPages.BusinessFinancePageTest')
data.setCell(1, 3, 127295);
data.setCell(2, 0, 2)
data.setCell(2, 1, 'getApproveLevel2PageTest')
data.setCell(2, 2, 'com.qa.codeElan.TestPages.Level2PageTest')
data.setCell(2, 3, 124141);
data.setCell(3, 0, 3)
data.setCell(3, 1, 'getApproveLevel4PageTest')
data.setCell(3, 2, 'com.qa.codeElan.TestPages.Level4PageTest')
data.setCell(3, 3, 123544);
data.setCell(4, 0, 4)
data.setCell(4, 1, 'getConvertMainIdeaTest')
data.setCell(4, 2, 'com.qa.codeElan.TestPages.IdeatorPageTest')
data.setCell(4, 3, 120626);
data.setCell(5, 0, 5)
data.setCell(5, 1, 'getApproveIdeaOnLevel1Page')
data.setCell(5, 2, 'com.qa.codeElan.TestPages.Level1PageTest')
data.setCell(5, 3, 9362);
data.setCell(6, 0, 6)
data.setCell(6, 1, 'getCreateIdeaTest')
data.setCell(6, 2, 'com.qa.codeElan.TestPages.IdeatorPageTest')
data.setCell(6, 3, 4711);
window.suiteTableData['Suite']= { tableData: data, tableDiv: 'times-div-Suite'}
return data;
}
              </script>
              <span class="suite-total-time">Total running time: 10 minutes</span>
              <div id="times-div-Suite">
              </div> <!-- times-div-Suite -->
            </div> <!-- times-div -->
          </div> <!-- main-panel-content rounded-window-bottom -->
        </div> <!-- panel -->
        <div panel-name="reporter-Suite" class="panel">
          <div class="main-panel-header rounded-window-top">
            <span class="header-content">Reporter output for Suite</span>
          </div> <!-- main-panel-header rounded-window-top -->
          <div class="main-panel-content rounded-window-bottom">
          </div> <!-- main-panel-content rounded-window-bottom -->
        </div> <!-- panel -->
        <div panel-name="ignored-methods-Suite" class="panel">
          <div class="main-panel-header rounded-window-top">
            <span class="header-content">1 ignored method</span>
          </div> <!-- main-panel-header rounded-window-top -->
          <div class="main-panel-content rounded-window-bottom">
            <div class="ignored-class-div">
              <span class="ignored-class-name">com.qa.codeElan.TestPages.Level3PageTest</span>
              <div class="ignored-methods-div">
                <span class="ignored-method-name">getIdeaIntitiateProjectTest</span>
                <br/>
              </div> <!-- ignored-methods-div -->
            </div> <!-- ignored-class-div -->
          </div> <!-- main-panel-content rounded-window-bottom -->
        </div> <!-- panel -->
        <div panel-name="chronological-Suite" class="panel">
          <div class="main-panel-header rounded-window-top">
            <span class="header-content">Methods in chronological order</span>
          </div> <!-- main-panel-header rounded-window-top -->
          <div class="main-panel-content rounded-window-bottom">
            <div class="chronological-class">
              <div class="chronological-class-name">com.qa.codeElan.TestPages.IdeatorPageTest</div> <!-- chronological-class-name -->
              <div class="configuration-method before">
                <span class="method-name">setUp</span>
                <span class="method-start">0 ms</span>
              </div> <!-- configuration-method before -->
              <div class="configuration-method before">
                <span class="method-name">ideatorLogin</span>
                <span class="method-start">14272 ms</span>
              </div> <!-- configuration-method before -->
              <div class="test-method">
                <span class="method-name">getCreateIdeaTest</span>
                <span class="method-start">21148 ms</span>
              </div> <!-- test-method -->
              <div class="configuration-method after">
                <span class="method-name">quit([TestResult name=getCreateIdeaTest status=SUCCESS method=IdeatorPageTest.getCreateIdeaTest()[pri:1, ...)</span>
                <span class="method-start">25926 ms</span>
              </div> <!-- configuration-method after -->
            </div> <!-- chronological-class -->
            <div class="chronological-class">
              <div class="chronological-class-name">com.qa.codeElan.TestPages.Level1PageTest</div> <!-- chronological-class-name -->
              <div class="configuration-method before">
                <span class="method-name">setUp</span>
                <span class="method-start">36779 ms</span>
              </div> <!-- configuration-method before -->
              <div class="configuration-method before">
                <span class="method-name">level1Login</span>
                <span class="method-start">46833 ms</span>
              </div> <!-- configuration-method before -->
              <div class="test-method">
                <span class="method-name">getApproveIdeaOnLevel1Page</span>
                <span class="method-start">52499 ms</span>
              </div> <!-- test-method -->
              <div class="configuration-method after">
                <span class="method-name">quit([TestResult name=getApproveIdeaOnLevel1Page status=SUCCESS method=Level1PageTest.getApproveIdeaOnLev...)</span>
                <span class="method-start">61901 ms</span>
              </div> <!-- configuration-method after -->
            </div> <!-- chronological-class -->
            <div class="chronological-class">
              <div class="chronological-class-name">com.qa.codeElan.TestPages.IdeatorPageTest</div> <!-- chronological-class-name -->
              <div class="configuration-method before">
                <span class="method-name">setUp</span>
                <span class="method-start">72734 ms</span>
              </div> <!-- configuration-method before -->
              <div class="configuration-method before">
                <span class="method-name">ideatorLogin</span>
                <span class="method-start">81696 ms</span>
              </div> <!-- configuration-method before -->
              <div class="test-method">
                <img src="failed.png">
                </img>
                <span class="method-name">getConvertMainIdeaTest</span>
                <span class="method-start">87401 ms</span>
              </div> <!-- test-method -->
              <div class="configuration-method after">
                <span class="method-name">quit([TestResult name=getConvertMainIdeaTest status=FAILURE method=IdeatorPageTest.getConvertMainIdeaTest...)</span>
                <span class="method-start">214628 ms</span>
              </div> <!-- configuration-method after -->
            </div> <!-- chronological-class -->
            <div class="chronological-class">
              <div class="chronological-class-name">com.qa.codeElan.TestPages.BusinessFinancePageTest</div> <!-- chronological-class-name -->
              <div class="configuration-method before">
                <span class="method-name">setUp</span>
                <span class="method-start">225463 ms</span>
              </div> <!-- configuration-method before -->
              <div class="configuration-method before">
                <span class="method-name">BusinessFinancePageLogin</span>
                <span class="method-start">234595 ms</span>
              </div> <!-- configuration-method before -->
              <div class="test-method">
                <img src="failed.png">
                </img>
                <span class="method-name">getApproveIdeaOnBFPageTest</span>
                <span class="method-start">240185 ms</span>
              </div> <!-- test-method -->
              <div class="configuration-method after">
                <span class="method-name">quit([TestResult name=getApproveIdeaOnBFPageTest status=FAILURE method=BusinessFinancePageTest.getApprove...)</span>
                <span class="method-start">371273 ms</span>
              </div> <!-- configuration-method after -->
            </div> <!-- chronological-class -->
            <div class="chronological-class">
              <div class="chronological-class-name">com.qa.codeElan.TestPages.Level2PageTest</div> <!-- chronological-class-name -->
              <div class="configuration-method before">
                <span class="method-name">setUp</span>
                <span class="method-start">382074 ms</span>
              </div> <!-- configuration-method before -->
              <div class="configuration-method before">
                <span class="method-name">level2PageLogin</span>
                <span class="method-start">392669 ms</span>
              </div> <!-- configuration-method before -->
              <div class="test-method">
                <img src="failed.png">
                </img>
                <span class="method-name">getApproveLevel2PageTest</span>
                <span class="method-start">397083 ms</span>
              </div> <!-- test-method -->
              <div class="configuration-method after">
                <span class="method-name">quit([TestResult name=getApproveLevel2PageTest status=FAILURE method=Level2PageTest.getApproveLevel2PageT...)</span>
                <span class="method-start">524937 ms</span>
              </div> <!-- configuration-method after -->
            </div> <!-- chronological-class -->
            <div class="chronological-class">
              <div class="chronological-class-name">com.qa.codeElan.TestPages.Level3PageTest</div> <!-- chronological-class-name -->
              <div class="configuration-method before">
                <span class="method-name">setUp</span>
                <span class="method-start">535735 ms</span>
              </div> <!-- configuration-method before -->
              <div class="configuration-method before">
                <span class="method-name">level3PageLogin</span>
                <span class="method-start">599261 ms</span>
              </div> <!-- configuration-method before -->
              <div class="test-method">
                <img src="failed.png">
                </img>
                <span class="method-name">getApproveLevel3PageTest</span>
                <span class="method-start">622956 ms</span>
              </div> <!-- test-method -->
              <div class="configuration-method after">
                <span class="method-name">quit([TestResult name=getApproveLevel3PageTest status=FAILURE method=Level3PageTest.getApproveLevel3PageT...)</span>
                <span class="method-start">762360 ms</span>
              </div> <!-- configuration-method after -->
            </div> <!-- chronological-class -->
            <div class="chronological-class">
              <div class="chronological-class-name">com.qa.codeElan.TestPages.Level4PageTest</div> <!-- chronological-class-name -->
              <div class="configuration-method before">
                <span class="method-name">setUp</span>
                <span class="method-start">773327 ms</span>
              </div> <!-- configuration-method before -->
              <div class="configuration-method before">
                <span class="method-name">level4PageLogin</span>
                <span class="method-start">785965 ms</span>
              </div> <!-- configuration-method before -->
              <div class="test-method">
                <img src="failed.png">
                </img>
                <span class="method-name">getApproveLevel4PageTest</span>
                <span class="method-start">790983 ms</span>
              </div> <!-- test-method -->
              <div class="configuration-method after">
                <span class="method-name">quit([TestResult name=getApproveLevel4PageTest status=FAILURE method=Level4PageTest.getApproveLevel4PageT...)</span>
                <span class="method-start">918062 ms</span>
              </div> <!-- configuration-method after -->
          </div> <!-- main-panel-content rounded-window-bottom -->
        </div> <!-- panel -->
      </div> <!-- main-panel-root -->
    </div> <!-- wrapper -->
  </body>
</html>
