<?xml version="1.0" encoding="UTF-8"?>
<testng-results skipped="0" failed="6" ignored="1" total="8" passed="1">
  <reporter-output>
  </reporter-output>
  <suite name="Suite" duration-ms="870450" started-at="2020-08-08T07:09:24Z" finished-at="2020-08-08T07:23:54Z">
    <groups>
    </groups>
    <test name="Test" duration-ms="870450" started-at="2020-08-08T07:09:24Z" finished-at="2020-08-08T07:23:54Z">
      <class name="com.qa.codeElan.TestPages.BusinessFinancePageTest">
        <test-method status="PASS" signature="setUp()[pri:0, instance:com.qa.codeElan.TestPages.BusinessFinancePageTest@6a78afa0]" name="setUp" is-config="true" duration-ms="9913" started-at="2020-08-08T07:13:47Z" finished-at="2020-08-08T07:13:57Z">
          <reporter-output>
          </reporter-output>
        </test-method> <!-- setUp -->
        <test-method status="PASS" signature="BusinessFinancePageLogin()[pri:0, instance:com.qa.codeElan.TestPages.BusinessFinancePageTest@6a78afa0]" name="BusinessFinancePageLogin" is-config="true" duration-ms="6035" started-at="2020-08-08T07:13:57Z" finished-at="2020-08-08T07:14:03Z">
          <reporter-output>
          </reporter-output>
        </test-method> <!-- BusinessFinancePageLogin -->
        <test-method status="FAIL" signature="getApproveIdeaOnBFPageTest()[pri:4, instance:com.qa.codeElan.TestPages.BusinessFinancePageTest@6a78afa0]" name="getApproveIdeaOnBFPageTest" duration-ms="127069" started-at="2020-08-08T07:14:03Z" finished-at="2020-08-08T07:16:10Z">
          <exception class="org.openqa.selenium.TimeoutException">
            <message>
              <![CDATA[Expected condition failed: waiting for element to be clickable: By.xpath: //button[contains(@name,'btnValidateContent')] (tried for 120 second(s) with 500 milliseconds interval)
Build info: version: '3.141.59', revision: 'e82be7d358', time: '2018-11-14T08:17:03'
System info: host: 'DELL', ip: '192.168.0.104', os.name: 'Windows 8.1', os.arch: 'amd64', os.version: '6.3', java.version: '1.8.0_251'
Driver info: org.openqa.selenium.chrome.ChromeDriver
Capabilities {acceptInsecureCerts: false, browserName: chrome, browserVersion: 84.0.4147.105, chrome: {chromedriverVersion: 84.0.4147.30 (48b3e868b4cc0..., userDataDir: C:\Users\Kamal\AppData\Loca...}, goog:chromeOptions: {debuggerAddress: localhost:53388}, javascriptEnabled: true, networkConnectionEnabled: false, pageLoadStrategy: normal, platform: WINDOWS, platformName: WINDOWS, proxy: Proxy(), setWindowRect: true, strictFileInteractability: false, timeouts: {implicit: 0, pageLoad: 300000, script: 30000}, unhandledPromptBehavior: dismiss and notify, webauthn:virtualAuthenticators: true}
Session ID: 604bf1426f46210512169661149c8d63]]>
            </message>
            <full-stacktrace>
              <![CDATA[org.openqa.selenium.TimeoutException: Expected condition failed: waiting for element to be clickable: By.xpath: //button[contains(@name,'btnValidateContent')] (tried for 120 second(s) with 500 milliseconds interval)
Build info: version: '3.141.59', revision: 'e82be7d358', time: '2018-11-14T08:17:03'
System info: host: 'DELL', ip: '192.168.0.104', os.name: 'Windows 8.1', os.arch: 'amd64', os.version: '6.3', java.version: '1.8.0_251'
Driver info: org.openqa.selenium.chrome.ChromeDriver
Capabilities {acceptInsecureCerts: false, browserName: chrome, browserVersion: 84.0.4147.105, chrome: {chromedriverVersion: 84.0.4147.30 (48b3e868b4cc0..., userDataDir: C:\Users\Kamal\AppData\Loca...}, goog:chromeOptions: {debuggerAddress: localhost:53388}, javascriptEnabled: true, networkConnectionEnabled: false, pageLoadStrategy: normal, platform: WINDOWS, platformName: WINDOWS, proxy: Proxy(), setWindowRect: true, strictFileInteractability: false, timeouts: {implicit: 0, pageLoad: 300000, script: 30000}, unhandledPromptBehavior: dismiss and notify, webauthn:virtualAuthenticators: true}
Session ID: 604bf1426f46210512169661149c8d63
at org.openqa.selenium.support.ui.WebDriverWait.timeoutException(WebDriverWait.java:95)
at org.openqa.selenium.support.ui.FluentWait.until(FluentWait.java:272)
at com.qa.codeElan.Utils.ElementUtils.waitForElementClickable(ElementUtils.java:137)
at com.qa.codeElan.Utils.ElementUtils.doClick(ElementUtils.java:121)
at com.qa.codeElan.page.BusinessFinance_Page.getIdeaValidateOnBFPage(BusinessFinance_Page.java:41)
at com.qa.codeElan.TestPages.BusinessFinancePageTest.getApproveIdeaOnBFPageTest(BusinessFinancePageTest.java:43)
at sun.reflect.NativeMethodAccessorImpl.invoke0(Native Method)
at sun.reflect.NativeMethodAccessorImpl.invoke(NativeMethodAccessorImpl.java:62)
at sun.reflect.DelegatingMethodAccessorImpl.invoke(DelegatingMethodAccessorImpl.java:43)
at java.lang.reflect.Method.invoke(Method.java:498)
at org.testng.internal.MethodInvocationHelper.invokeMethod(MethodInvocationHelper.java:124)
at org.testng.internal.Invoker.invokeMethod(Invoker.java:583)
at org.testng.internal.Invoker.invokeTestMethod(Invoker.java:719)
at org.testng.internal.Invoker.invokeTestMethods(Invoker.java:989)
at org.testng.internal.TestMethodWorker.invokeTestMethods(TestMethodWorker.java:124)
at org.testng.internal.TestMethodWorker.run(TestMethodWorker.java:109)
at org.testng.TestRunner.privateRun(TestRunner.java:648)
at org.testng.TestRunner.run(TestRunner.java:505)
at org.testng.SuiteRunner.runTest(SuiteRunner.java:455)
at org.testng.SuiteRunner.runSequentially(SuiteRunner.java:450)
at org.testng.SuiteRunner.privateRun(SuiteRunner.java:415)
at org.testng.SuiteRunner.run(SuiteRunner.java:364)
at org.testng.SuiteRunnerWorker.runSuite(SuiteRunnerWorker.java:52)
at org.testng.SuiteRunnerWorker.run(SuiteRunnerWorker.java:84)
at org.testng.TestNG.runSuitesSequentially(TestNG.java:1208)
at org.testng.TestNG.runSuitesLocally(TestNG.java:1137)
at org.testng.TestNG.runSuites(TestNG.java:1049)
at org.testng.TestNG.run(TestNG.java:1017)
at org.testng.remote.AbstractRemoteTestNG.run(AbstractRemoteTestNG.java:114)
at org.testng.remote.RemoteTestNG.initAndRun(RemoteTestNG.java:251)
at org.testng.remote.RemoteTestNG.main(RemoteTestNG.java:77)
]]>
            </full-stacktrace>
          </exception> <!-- org.openqa.selenium.TimeoutException -->
          <reporter-output>
          </reporter-output>
        </test-method> <!-- getApproveIdeaOnBFPageTest -->
        <test-method status="PASS" signature="quit(org.testng.ITestResult)[pri:0, instance:com.qa.codeElan.TestPages.BusinessFinancePageTest@6a78afa0]" name="quit" is-config="true" duration-ms="10927" started-at="2020-08-08T07:16:14Z" finished-at="2020-08-08T07:16:24Z">
          <params>
            <param index="0">
              <value>
                <![CDATA[[TestResult name=getApproveIdeaOnBFPageTest status=FAILURE method=BusinessFinancePageTest.getApproveIdeaOnBFPageTest()[pri:4, instance:com.qa.codeElan.TestPages.BusinessFinancePageTest@6a78afa0] output={null}]]]>
              </value>
            </param>
          </params>
          <reporter-output>
          </reporter-output>
        </test-method> <!-- quit -->
      </class> <!-- com.qa.codeElan.TestPages.BusinessFinancePageTest -->
      <class name="com.qa.codeElan.TestPages.Level2PageTest">
        <test-method status="PASS" signature="setUp()[pri:0, instance:com.qa.codeElan.TestPages.Level2PageTest@2f4948e4]" name="setUp" is-config="true" duration-ms="8935" started-at="2020-08-08T07:16:24Z" finished-at="2020-08-08T07:16:33Z">
          <reporter-output>
          </reporter-output>
        </test-method> <!-- setUp -->
        <test-method status="PASS" signature="level2PageLogin()[pri:0, instance:com.qa.codeElan.TestPages.Level2PageTest@2f4948e4]" name="level2PageLogin" is-config="true" duration-ms="4820" started-at="2020-08-08T07:16:33Z" finished-at="2020-08-08T07:16:38Z">
          <reporter-output>
          </reporter-output>
        </test-method> <!-- level2PageLogin -->
        <test-method status="FAIL" signature="getApproveLevel2PageTest()[pri:5, instance:com.qa.codeElan.TestPages.Level2PageTest@2f4948e4]" name="getApproveLevel2PageTest" duration-ms="123486" started-at="2020-08-08T07:16:38Z" finished-at="2020-08-08T07:18:42Z">
          <exception class="org.openqa.selenium.TimeoutException">
            <message>
              <![CDATA[Expected condition failed: waiting for element to be clickable: By.xpath: //button[contains(@name,'btnApproveContent')] (tried for 120 second(s) with 500 milliseconds interval)]]>
            </message>
            <full-stacktrace>
              <![CDATA[org.openqa.selenium.TimeoutException: Expected condition failed: waiting for element to be clickable: By.xpath: //button[contains(@name,'btnApproveContent')] (tried for 120 second(s) with 500 milliseconds interval)
at org.openqa.selenium.support.ui.WebDriverWait.timeoutException(WebDriverWait.java:95)
at org.openqa.selenium.support.ui.FluentWait.until(FluentWait.java:272)
at com.qa.codeElan.Utils.ElementUtils.waitForElementClickable(ElementUtils.java:137)
at com.qa.codeElan.Utils.ElementUtils.doClick(ElementUtils.java:121)
at com.qa.codeElan.page.Level2_Page.getIdeaValidateOnLevel2Page(Level2_Page.java:35)
at com.qa.codeElan.TestPages.Level2PageTest.getApproveLevel2PageTest(Level2PageTest.java:41)
at sun.reflect.NativeMethodAccessorImpl.invoke0(Native Method)
at sun.reflect.NativeMethodAccessorImpl.invoke(NativeMethodAccessorImpl.java:62)
at sun.reflect.DelegatingMethodAccessorImpl.invoke(DelegatingMethodAccessorImpl.java:43)
at java.lang.reflect.Method.invoke(Method.java:498)
at org.testng.internal.MethodInvocationHelper.invokeMethod(MethodInvocationHelper.java:124)
at org.testng.internal.Invoker.invokeMethod(Invoker.java:583)
at org.testng.internal.Invoker.invokeTestMethod(Invoker.java:719)
at org.testng.internal.Invoker.invokeTestMethods(Invoker.java:989)
at org.testng.internal.TestMethodWorker.invokeTestMethods(TestMethodWorker.java:124)
at org.testng.internal.TestMethodWorker.run(TestMethodWorker.java:109)
at org.testng.TestRunner.privateRun(TestRunner.java:648)
at org.testng.TestRunner.run(TestRunner.java:505)
at org.testng.SuiteRunner.runTest(SuiteRunner.java:455)
at org.testng.SuiteRunner.runSequentially(SuiteRunner.java:450)
at org.testng.SuiteRunner.privateRun(SuiteRunner.java:415)
at org.testng.SuiteRunner.run(SuiteRunner.java:364)
at org.testng.SuiteRunnerWorker.runSuite(SuiteRunnerWorker.java:52)
at org.testng.SuiteRunnerWorker.run(SuiteRunnerWorker.java:84)
at org.testng.TestNG.runSuitesSequentially(TestNG.java:1208)
at org.testng.TestNG.runSuitesLocally(TestNG.java:1137)
at org.testng.TestNG.runSuites(TestNG.java:1049)
at org.testng.TestNG.run(TestNG.java:1017)
at org.testng.remote.AbstractRemoteTestNG.run(AbstractRemoteTestNG.java:114)
at org.testng.remote.RemoteTestNG.initAndRun(RemoteTestNG.java:251)
at org.testng.remote.RemoteTestNG.main(RemoteTestNG.java:77)
Caused by: org.openqa.selenium.NoSuchElementException: no such element: Unable to locate element: {"method":"xpath","selector":"//button[contains(@name,'btnApproveContent')]"}
  (Session info: chrome=84.0.4147.105)
For documentation on this error, please visit: https://www.seleniumhq.org/exceptions/no_such_element.html
Build info: version: '3.141.59', revision: 'e82be7d358', time: '2018-11-14T08:17:03'
System info: host: 'DELL', ip: '192.168.0.104', os.name: 'Windows 8.1', os.arch: 'amd64', os.version: '6.3', java.version: '1.8.0_251'
Driver info: org.openqa.selenium.chrome.ChromeDriver
Capabilities {acceptInsecureCerts: false, browserName: chrome, browserVersion: 84.0.4147.105, chrome: {chromedriverVersion: 84.0.4147.30 (48b3e868b4cc0..., userDataDir: C:\Users\Kamal\AppData\Loca...}, goog:chromeOptions: {debuggerAddress: localhost:53738}, javascriptEnabled: true, networkConnectionEnabled: false, pageLoadStrategy: normal, platform: WINDOWS, platformName: WINDOWS, proxy: Proxy(), setWindowRect: true, strictFileInteractability: false, timeouts: {implicit: 0, pageLoad: 300000, script: 30000}, unhandledPromptBehavior: dismiss and notify, webauthn:virtualAuthenticators: true}
Session ID: b3bb9e61d2ab6083b42f55b4a1e31c8b
*** Element info: {Using=xpath, value=//button[contains(@name,'btnApproveContent')]}
at sun.reflect.GeneratedConstructorAccessor33.newInstance(Unknown Source)
at sun.reflect.DelegatingConstructorAccessorImpl.newInstance(DelegatingConstructorAccessorImpl.java:45)
at java.lang.reflect.Constructor.newInstance(Constructor.java:423)
at org.openqa.selenium.remote.http.W3CHttpResponseCodec.createException(W3CHttpResponseCodec.java:187)
at org.openqa.selenium.remote.http.W3CHttpResponseCodec.decode(W3CHttpResponseCodec.java:122)
at org.openqa.selenium.remote.http.W3CHttpResponseCodec.decode(W3CHttpResponseCodec.java:49)
at org.openqa.selenium.remote.HttpCommandExecutor.execute(HttpCommandExecutor.java:158)
at org.openqa.selenium.remote.service.DriverCommandExecutor.execute(DriverCommandExecutor.java:83)
at org.openqa.selenium.remote.RemoteWebDriver.execute(RemoteWebDriver.java:552)
at org.openqa.selenium.remote.RemoteWebDriver.findElement(RemoteWebDriver.java:323)
at org.openqa.selenium.remote.RemoteWebDriver.findElementByXPath(RemoteWebDriver.java:428)
at org.openqa.selenium.By$ByXPath.findElement(By.java:353)
at org.openqa.selenium.remote.RemoteWebDriver.findElement(RemoteWebDriver.java:315)
at org.openqa.selenium.support.ui.ExpectedConditions$7.apply(ExpectedConditions.java:205)
at org.openqa.selenium.support.ui.ExpectedConditions$7.apply(ExpectedConditions.java:201)
at org.openqa.selenium.support.ui.ExpectedConditions$22.apply(ExpectedConditions.java:641)
at org.openqa.selenium.support.ui.ExpectedConditions$22.apply(ExpectedConditions.java:638)
at org.openqa.selenium.support.ui.FluentWait.until(FluentWait.java:249)
... 29 more
]]>
            </full-stacktrace>
          </exception> <!-- org.openqa.selenium.TimeoutException -->
          <reporter-output>
          </reporter-output>
        </test-method> <!-- getApproveLevel2PageTest -->
        <test-method status="PASS" signature="quit(org.testng.ITestResult)[pri:0, instance:com.qa.codeElan.TestPages.Level2PageTest@2f4948e4]" name="quit" is-config="true" duration-ms="10776" started-at="2020-08-08T07:18:45Z" finished-at="2020-08-08T07:18:56Z">
          <params>
            <param index="0">
              <value>
                <![CDATA[[TestResult name=getApproveLevel2PageTest status=FAILURE method=Level2PageTest.getApproveLevel2PageTest()[pri:5, instance:com.qa.codeElan.TestPages.Level2PageTest@2f4948e4] output={null}]]]>
              </value>
            </param>
          </params>
          <reporter-output>
          </reporter-output>
        </test-method> <!-- quit -->
      </class> <!-- com.qa.codeElan.TestPages.Level2PageTest -->
      <class name="com.qa.codeElan.TestPages.IdeatorPageTest">
        <test-method status="PASS" signature="setUp()[pri:0, instance:com.qa.codeElan.TestPages.IdeatorPageTest@7e6f74c]" name="setUp" is-config="true" duration-ms="18989" started-at="2020-08-08T07:09:24Z" finished-at="2020-08-08T07:09:43Z">
          <reporter-output>
          </reporter-output>
        </test-method> <!-- setUp -->
        <test-method status="PASS" signature="ideatorLogin()[pri:0, instance:com.qa.codeElan.TestPages.IdeatorPageTest@7e6f74c]" name="ideatorLogin" is-config="true" duration-ms="8803" started-at="2020-08-08T07:09:44Z" finished-at="2020-08-08T07:09:52Z">
          <reporter-output>
          </reporter-output>
        </test-method> <!-- ideatorLogin -->
        <test-method status="FAIL" signature="getCreateIdeaTest()[pri:1, instance:com.qa.codeElan.TestPages.IdeatorPageTest@7e6f74c]" name="getCreateIdeaTest" duration-ms="5390" started-at="2020-08-08T07:09:52Z" finished-at="2020-08-08T07:09:58Z">
          <exception class="org.openqa.selenium.NoSuchElementException">
            <message>
              <![CDATA[Cannot locate element with text: Infrastructure
For documentation on this error, please visit: https://www.seleniumhq.org/exceptions/no_such_element.html
Build info: version: '3.141.59', revision: 'e82be7d358', time: '2018-11-14T08:17:03'
System info: host: 'DELL', ip: '192.168.0.104', os.name: 'Windows 8.1', os.arch: 'amd64', os.version: '6.3', java.version: '1.8.0_251'
Driver info: driver.version: unknown]]>
            </message>
            <full-stacktrace>
              <![CDATA[org.openqa.selenium.NoSuchElementException: Cannot locate element with text: Infrastructure
For documentation on this error, please visit: https://www.seleniumhq.org/exceptions/no_such_element.html
Build info: version: '3.141.59', revision: 'e82be7d358', time: '2018-11-14T08:17:03'
System info: host: 'DELL', ip: '192.168.0.104', os.name: 'Windows 8.1', os.arch: 'amd64', os.version: '6.3', java.version: '1.8.0_251'
Driver info: driver.version: unknown
at org.openqa.selenium.support.ui.Select.selectByVisibleText(Select.java:147)
at com.qa.codeElan.Utils.ElementUtils.selectValueFromDropDown(ElementUtils.java:158)
at com.qa.codeElan.page.Ideator_Page.getCreateNewIdea(Ideator_Page.java:84)
at com.qa.codeElan.TestPages.IdeatorPageTest.getCreateIdeaTest(IdeatorPageTest.java:50)
at sun.reflect.NativeMethodAccessorImpl.invoke0(Native Method)
at sun.reflect.NativeMethodAccessorImpl.invoke(NativeMethodAccessorImpl.java:62)
at sun.reflect.DelegatingMethodAccessorImpl.invoke(DelegatingMethodAccessorImpl.java:43)
at java.lang.reflect.Method.invoke(Method.java:498)
at org.testng.internal.MethodInvocationHelper.invokeMethod(MethodInvocationHelper.java:124)
at org.testng.internal.Invoker.invokeMethod(Invoker.java:583)
at org.testng.internal.Invoker.invokeTestMethod(Invoker.java:719)
at org.testng.internal.Invoker.invokeTestMethods(Invoker.java:989)
at org.testng.internal.TestMethodWorker.invokeTestMethods(TestMethodWorker.java:124)
at org.testng.internal.TestMethodWorker.run(TestMethodWorker.java:109)
at org.testng.TestRunner.privateRun(TestRunner.java:648)
at org.testng.TestRunner.run(TestRunner.java:505)
at org.testng.SuiteRunner.runTest(SuiteRunner.java:455)
at org.testng.SuiteRunner.runSequentially(SuiteRunner.java:450)
at org.testng.SuiteRunner.privateRun(SuiteRunner.java:415)
at org.testng.SuiteRunner.run(SuiteRunner.java:364)
at org.testng.SuiteRunnerWorker.runSuite(SuiteRunnerWorker.java:52)
at org.testng.SuiteRunnerWorker.run(SuiteRunnerWorker.java:84)
at org.testng.TestNG.runSuitesSequentially(TestNG.java:1208)
at org.testng.TestNG.runSuitesLocally(TestNG.java:1137)
at org.testng.TestNG.runSuites(TestNG.java:1049)
at org.testng.TestNG.run(TestNG.java:1017)
at org.testng.remote.AbstractRemoteTestNG.run(AbstractRemoteTestNG.java:114)
at org.testng.remote.RemoteTestNG.initAndRun(RemoteTestNG.java:251)
at org.testng.remote.RemoteTestNG.main(RemoteTestNG.java:77)
]]>
            </full-stacktrace>
          </exception> <!-- org.openqa.selenium.NoSuchElementException -->
          <reporter-output>
          </reporter-output>
        </test-method> <!-- getCreateIdeaTest -->
        <test-method status="PASS" signature="quit(org.testng.ITestResult)[pri:0, instance:com.qa.codeElan.TestPages.IdeatorPageTest@7e6f74c]" name="quit" is-config="true" duration-ms="12680" started-at="2020-08-08T07:10:09Z" finished-at="2020-08-08T07:10:21Z">
          <params>
            <param index="0">
              <value>
                <![CDATA[[TestResult name=getCreateIdeaTest status=FAILURE method=IdeatorPageTest.getCreateIdeaTest()[pri:1, instance:com.qa.codeElan.TestPages.IdeatorPageTest@7e6f74c] output={null}]]]>
              </value>
            </param>
          </params>
          <reporter-output>
          </reporter-output>
        </test-method> <!-- quit -->
        <test-method status="PASS" signature="setUp()[pri:0, instance:com.qa.codeElan.TestPages.IdeatorPageTest@7e6f74c]" name="setUp" is-config="true" duration-ms="11338" started-at="2020-08-08T07:11:00Z" finished-at="2020-08-08T07:11:12Z">
          <reporter-output>
          </reporter-output>
        </test-method> <!-- setUp -->
        <test-method status="PASS" signature="ideatorLogin()[pri:0, instance:com.qa.codeElan.TestPages.IdeatorPageTest@7e6f74c]" name="ideatorLogin" is-config="true" duration-ms="4211" started-at="2020-08-08T07:11:12Z" finished-at="2020-08-08T07:11:16Z">
          <reporter-output>
          </reporter-output>
        </test-method> <!-- ideatorLogin -->
        <test-method status="FAIL" signature="getConvertMainIdeaTest()[pri:3, instance:com.qa.codeElan.TestPages.IdeatorPageTest@7e6f74c]" name="getConvertMainIdeaTest" duration-ms="134529" started-at="2020-08-08T07:11:16Z" finished-at="2020-08-08T07:13:30Z">
          <exception class="org.openqa.selenium.TimeoutException">
            <message>
              <![CDATA[Expected condition failed: waiting for element to be clickable: By.xpath: //button[contains(text(),'Apply')] (tried for 120 second(s) with 500 milliseconds interval)
Build info: version: '3.141.59', revision: 'e82be7d358', time: '2018-11-14T08:17:03'
System info: host: 'DELL', ip: '192.168.0.104', os.name: 'Windows 8.1', os.arch: 'amd64', os.version: '6.3', java.version: '1.8.0_251'
Driver info: org.openqa.selenium.chrome.ChromeDriver
Capabilities {acceptInsecureCerts: false, browserName: chrome, browserVersion: 84.0.4147.105, chrome: {chromedriverVersion: 84.0.4147.30 (48b3e868b4cc0..., userDataDir: C:\Users\Kamal\AppData\Loca...}, goog:chromeOptions: {debuggerAddress: localhost:53015}, javascriptEnabled: true, networkConnectionEnabled: false, pageLoadStrategy: normal, platform: WINDOWS, platformName: WINDOWS, proxy: Proxy(), setWindowRect: true, strictFileInteractability: false, timeouts: {implicit: 0, pageLoad: 300000, script: 30000}, unhandledPromptBehavior: dismiss and notify, webauthn:virtualAuthenticators: true}
Session ID: 79be7a5a13bd1251fc7c30416297c1a7]]>
            </message>
            <full-stacktrace>
              <![CDATA[org.openqa.selenium.TimeoutException: Expected condition failed: waiting for element to be clickable: By.xpath: //button[contains(text(),'Apply')] (tried for 120 second(s) with 500 milliseconds interval)
Build info: version: '3.141.59', revision: 'e82be7d358', time: '2018-11-14T08:17:03'
System info: host: 'DELL', ip: '192.168.0.104', os.name: 'Windows 8.1', os.arch: 'amd64', os.version: '6.3', java.version: '1.8.0_251'
Driver info: org.openqa.selenium.chrome.ChromeDriver
Capabilities {acceptInsecureCerts: false, browserName: chrome, browserVersion: 84.0.4147.105, chrome: {chromedriverVersion: 84.0.4147.30 (48b3e868b4cc0..., userDataDir: C:\Users\Kamal\AppData\Loca...}, goog:chromeOptions: {debuggerAddress: localhost:53015}, javascriptEnabled: true, networkConnectionEnabled: false, pageLoadStrategy: normal, platform: WINDOWS, platformName: WINDOWS, proxy: Proxy(), setWindowRect: true, strictFileInteractability: false, timeouts: {implicit: 0, pageLoad: 300000, script: 30000}, unhandledPromptBehavior: dismiss and notify, webauthn:virtualAuthenticators: true}
Session ID: 79be7a5a13bd1251fc7c30416297c1a7
at org.openqa.selenium.support.ui.WebDriverWait.timeoutException(WebDriverWait.java:95)
at org.openqa.selenium.support.ui.FluentWait.until(FluentWait.java:272)
at com.qa.codeElan.Utils.ElementUtils.waitForElementClickable(ElementUtils.java:137)
at com.qa.codeElan.Utils.ElementUtils.doClick(ElementUtils.java:121)
at com.qa.codeElan.page.Ideator_Page.getSelectCalendarDate(Ideator_Page.java:125)
at com.qa.codeElan.page.Ideator_Page.getConvertToMainIdeaOnIdeatorPage(Ideator_Page.java:145)
at com.qa.codeElan.TestPages.IdeatorPageTest.getConvertMainIdeaTest(IdeatorPageTest.java:59)
at sun.reflect.NativeMethodAccessorImpl.invoke0(Native Method)
at sun.reflect.NativeMethodAccessorImpl.invoke(NativeMethodAccessorImpl.java:62)
at sun.reflect.DelegatingMethodAccessorImpl.invoke(DelegatingMethodAccessorImpl.java:43)
at java.lang.reflect.Method.invoke(Method.java:498)
at org.testng.internal.MethodInvocationHelper.invokeMethod(MethodInvocationHelper.java:124)
at org.testng.internal.Invoker.invokeMethod(Invoker.java:583)
at org.testng.internal.Invoker.invokeTestMethod(Invoker.java:719)
at org.testng.internal.Invoker.invokeTestMethods(Invoker.java:989)
at org.testng.internal.TestMethodWorker.invokeTestMethods(TestMethodWorker.java:124)
at org.testng.internal.TestMethodWorker.run(TestMethodWorker.java:109)
at org.testng.TestRunner.privateRun(TestRunner.java:648)
at org.testng.TestRunner.run(TestRunner.java:505)
at org.testng.SuiteRunner.runTest(SuiteRunner.java:455)
at org.testng.SuiteRunner.runSequentially(SuiteRunner.java:450)
at org.testng.SuiteRunner.privateRun(SuiteRunner.java:415)
at org.testng.SuiteRunner.run(SuiteRunner.java:364)
at org.testng.SuiteRunnerWorker.runSuite(SuiteRunnerWorker.java:52)
at org.testng.SuiteRunnerWorker.run(SuiteRunnerWorker.java:84)
at org.testng.TestNG.runSuitesSequentially(TestNG.java:1208)
at org.testng.TestNG.runSuitesLocally(TestNG.java:1137)
at org.testng.TestNG.runSuites(TestNG.java:1049)
at org.testng.TestNG.run(TestNG.java:1017)
at org.testng.remote.AbstractRemoteTestNG.run(AbstractRemoteTestNG.java:114)
at org.testng.remote.RemoteTestNG.initAndRun(RemoteTestNG.java:251)
at org.testng.remote.RemoteTestNG.main(RemoteTestNG.java:77)
]]>
            </full-stacktrace>
          </exception> <!-- org.openqa.selenium.TimeoutException -->
          <reporter-output>
          </reporter-output>
        </test-method> <!-- getConvertMainIdeaTest -->
        <test-method status="PASS" signature="quit(org.testng.ITestResult)[pri:0, instance:com.qa.codeElan.TestPages.IdeatorPageTest@7e6f74c]" name="quit" is-config="true" duration-ms="11167" started-at="2020-08-08T07:13:36Z" finished-at="2020-08-08T07:13:47Z">
          <params>
            <param index="0">
              <value>
                <![CDATA[[TestResult name=getConvertMainIdeaTest status=FAILURE method=IdeatorPageTest.getConvertMainIdeaTest()[pri:3, instance:com.qa.codeElan.TestPages.IdeatorPageTest@7e6f74c] output={null}]]]>
              </value>
            </param>
          </params>
          <reporter-output>
          </reporter-output>
        </test-method> <!-- quit -->
      </class> <!-- com.qa.codeElan.TestPages.IdeatorPageTest -->
      <class name="com.qa.codeElan.TestPages.Level3PageTest">
        <test-method status="PASS" signature="setUp()[pri:0, instance:com.qa.codeElan.TestPages.Level3PageTest@1f2586d6]" name="setUp" is-config="true" duration-ms="7906" started-at="2020-08-08T07:18:56Z" finished-at="2020-08-08T07:19:04Z">
          <reporter-output>
          </reporter-output>
        </test-method> <!-- setUp -->
        <test-method status="PASS" signature="level3PageLogin()[pri:0, instance:com.qa.codeElan.TestPages.Level3PageTest@1f2586d6]" name="level3PageLogin" is-config="true" duration-ms="5738" started-at="2020-08-08T07:19:04Z" finished-at="2020-08-08T07:19:09Z">
          <reporter-output>
          </reporter-output>
        </test-method> <!-- level3PageLogin -->
        <test-method status="FAIL" signature="getApproveLevel3PageTest()[pri:6, instance:com.qa.codeElan.TestPages.Level3PageTest@1f2586d6]" name="getApproveLevel3PageTest" duration-ms="123787" started-at="2020-08-08T07:19:09Z" finished-at="2020-08-08T07:21:13Z">
          <exception class="org.openqa.selenium.TimeoutException">
            <message>
              <![CDATA[Expected condition failed: waiting for element to be clickable: By.xpath: //button[contains(@name,'btnApproveContent')] (tried for 120 second(s) with 500 milliseconds interval)]]>
            </message>
            <full-stacktrace>
              <![CDATA[org.openqa.selenium.TimeoutException: Expected condition failed: waiting for element to be clickable: By.xpath: //button[contains(@name,'btnApproveContent')] (tried for 120 second(s) with 500 milliseconds interval)
at org.openqa.selenium.support.ui.WebDriverWait.timeoutException(WebDriverWait.java:95)
at org.openqa.selenium.support.ui.FluentWait.until(FluentWait.java:272)
at com.qa.codeElan.Utils.ElementUtils.waitForElementClickable(ElementUtils.java:137)
at com.qa.codeElan.Utils.ElementUtils.doClick(ElementUtils.java:121)
at com.qa.codeElan.page.Level3_Page.getIdeaApproveOnLevel3Page(Level3_Page.java:40)
at com.qa.codeElan.TestPages.Level3PageTest.getApproveLevel3PageTest(Level3PageTest.java:41)
at sun.reflect.NativeMethodAccessorImpl.invoke0(Native Method)
at sun.reflect.NativeMethodAccessorImpl.invoke(NativeMethodAccessorImpl.java:62)
at sun.reflect.DelegatingMethodAccessorImpl.invoke(DelegatingMethodAccessorImpl.java:43)
at java.lang.reflect.Method.invoke(Method.java:498)
at org.testng.internal.MethodInvocationHelper.invokeMethod(MethodInvocationHelper.java:124)
at org.testng.internal.Invoker.invokeMethod(Invoker.java:583)
at org.testng.internal.Invoker.invokeTestMethod(Invoker.java:719)
at org.testng.internal.Invoker.invokeTestMethods(Invoker.java:989)
at org.testng.internal.TestMethodWorker.invokeTestMethods(TestMethodWorker.java:124)
at org.testng.internal.TestMethodWorker.run(TestMethodWorker.java:109)
at org.testng.TestRunner.privateRun(TestRunner.java:648)
at org.testng.TestRunner.run(TestRunner.java:505)
at org.testng.SuiteRunner.runTest(SuiteRunner.java:455)
at org.testng.SuiteRunner.runSequentially(SuiteRunner.java:450)
at org.testng.SuiteRunner.privateRun(SuiteRunner.java:415)
at org.testng.SuiteRunner.run(SuiteRunner.java:364)
at org.testng.SuiteRunnerWorker.runSuite(SuiteRunnerWorker.java:52)
at org.testng.SuiteRunnerWorker.run(SuiteRunnerWorker.java:84)
at org.testng.TestNG.runSuitesSequentially(TestNG.java:1208)
at org.testng.TestNG.runSuitesLocally(TestNG.java:1137)
at org.testng.TestNG.runSuites(TestNG.java:1049)
at org.testng.TestNG.run(TestNG.java:1017)
at org.testng.remote.AbstractRemoteTestNG.run(AbstractRemoteTestNG.java:114)
at org.testng.remote.RemoteTestNG.initAndRun(RemoteTestNG.java:251)
at org.testng.remote.RemoteTestNG.main(RemoteTestNG.java:77)
Caused by: org.openqa.selenium.NoSuchElementException: no such element: Unable to locate element: {"method":"xpath","selector":"//button[contains(@name,'btnApproveContent')]"}
  (Session info: chrome=84.0.4147.105)
For documentation on this error, please visit: https://www.seleniumhq.org/exceptions/no_such_element.html
Build info: version: '3.141.59', revision: 'e82be7d358', time: '2018-11-14T08:17:03'
System info: host: 'DELL', ip: '192.168.0.104', os.name: 'Windows 8.1', os.arch: 'amd64', os.version: '6.3', java.version: '1.8.0_251'
Driver info: org.openqa.selenium.chrome.ChromeDriver
Capabilities {acceptInsecureCerts: false, browserName: chrome, browserVersion: 84.0.4147.105, chrome: {chromedriverVersion: 84.0.4147.30 (48b3e868b4cc0..., userDataDir: C:\Users\Kamal\AppData\Loca...}, goog:chromeOptions: {debuggerAddress: localhost:53930}, javascriptEnabled: true, networkConnectionEnabled: false, pageLoadStrategy: normal, platform: WINDOWS, platformName: WINDOWS, proxy: Proxy(), setWindowRect: true, strictFileInteractability: false, timeouts: {implicit: 0, pageLoad: 300000, script: 30000}, unhandledPromptBehavior: dismiss and notify, webauthn:virtualAuthenticators: true}
Session ID: 716beab126efade8b39f3bec053e1670
*** Element info: {Using=xpath, value=//button[contains(@name,'btnApproveContent')]}
at sun.reflect.GeneratedConstructorAccessor33.newInstance(Unknown Source)
at sun.reflect.DelegatingConstructorAccessorImpl.newInstance(DelegatingConstructorAccessorImpl.java:45)
at java.lang.reflect.Constructor.newInstance(Constructor.java:423)
at org.openqa.selenium.remote.http.W3CHttpResponseCodec.createException(W3CHttpResponseCodec.java:187)
at org.openqa.selenium.remote.http.W3CHttpResponseCodec.decode(W3CHttpResponseCodec.java:122)
at org.openqa.selenium.remote.http.W3CHttpResponseCodec.decode(W3CHttpResponseCodec.java:49)
at org.openqa.selenium.remote.HttpCommandExecutor.execute(HttpCommandExecutor.java:158)
at org.openqa.selenium.remote.service.DriverCommandExecutor.execute(DriverCommandExecutor.java:83)
at org.openqa.selenium.remote.RemoteWebDriver.execute(RemoteWebDriver.java:552)
at org.openqa.selenium.remote.RemoteWebDriver.findElement(RemoteWebDriver.java:323)
at org.openqa.selenium.remote.RemoteWebDriver.findElementByXPath(RemoteWebDriver.java:428)
at org.openqa.selenium.By$ByXPath.findElement(By.java:353)
at org.openqa.selenium.remote.RemoteWebDriver.findElement(RemoteWebDriver.java:315)
at org.openqa.selenium.support.ui.ExpectedConditions$7.apply(ExpectedConditions.java:205)
at org.openqa.selenium.support.ui.ExpectedConditions$7.apply(ExpectedConditions.java:201)
at org.openqa.selenium.support.ui.ExpectedConditions$22.apply(ExpectedConditions.java:641)
at org.openqa.selenium.support.ui.ExpectedConditions$22.apply(ExpectedConditions.java:638)
at org.openqa.selenium.support.ui.FluentWait.until(FluentWait.java:249)
... 29 more
]]>
            </full-stacktrace>
          </exception> <!-- org.openqa.selenium.TimeoutException -->
          <reporter-output>
          </reporter-output>
        </test-method> <!-- getApproveLevel3PageTest -->
        <test-method status="PASS" signature="quit(org.testng.ITestResult)[pri:0, instance:com.qa.codeElan.TestPages.Level3PageTest@1f2586d6]" name="quit" is-config="true" duration-ms="10808" started-at="2020-08-08T07:21:17Z" finished-at="2020-08-08T07:21:28Z">
          <params>
            <param index="0">
              <value>
                <![CDATA[[TestResult name=getApproveLevel3PageTest status=FAILURE method=Level3PageTest.getApproveLevel3PageTest()[pri:6, instance:com.qa.codeElan.TestPages.Level3PageTest@1f2586d6] output={null}]]]>
              </value>
            </param>
          </params>
          <reporter-output>
          </reporter-output>
        </test-method> <!-- quit -->
      </class> <!-- com.qa.codeElan.TestPages.Level3PageTest -->
      <class name="com.qa.codeElan.TestPages.Level1PageTest">
        <test-method status="PASS" signature="setUp()[pri:0, instance:com.qa.codeElan.TestPages.Level1PageTest@dd05255]" name="setUp" is-config="true" duration-ms="9850" started-at="2020-08-08T07:10:21Z" finished-at="2020-08-08T07:10:31Z">
          <reporter-output>
          </reporter-output>
        </test-method> <!-- setUp -->
        <test-method status="PASS" signature="level1Login()[pri:0, instance:com.qa.codeElan.TestPages.Level1PageTest@dd05255]" name="level1Login" is-config="true" duration-ms="7031" started-at="2020-08-08T07:10:31Z" finished-at="2020-08-08T07:10:38Z">
          <reporter-output>
          </reporter-output>
        </test-method> <!-- level1Login -->
        <test-method status="PASS" signature="getApproveIdeaOnLevel1Page()[pri:2, instance:com.qa.codeElan.TestPages.Level1PageTest@dd05255]" name="getApproveIdeaOnLevel1Page" duration-ms="11015" started-at="2020-08-08T07:10:38Z" finished-at="2020-08-08T07:10:49Z">
          <reporter-output>
          </reporter-output>
        </test-method> <!-- getApproveIdeaOnLevel1Page -->
        <test-method status="PASS" signature="quit(org.testng.ITestResult)[pri:0, instance:com.qa.codeElan.TestPages.Level1PageTest@dd05255]" name="quit" is-config="true" duration-ms="10961" started-at="2020-08-08T07:10:49Z" finished-at="2020-08-08T07:11:00Z">
          <params>
            <param index="0">
              <value>
                <![CDATA[[TestResult name=getApproveIdeaOnLevel1Page status=SUCCESS method=Level1PageTest.getApproveIdeaOnLevel1Page()[pri:2, instance:com.qa.codeElan.TestPages.Level1PageTest@dd05255] output={null}]]]>
              </value>
            </param>
          </params>
          <reporter-output>
          </reporter-output>
        </test-method> <!-- quit -->
      </class> <!-- com.qa.codeElan.TestPages.Level1PageTest -->
      <class name="com.qa.codeElan.TestPages.Level4PageTest">
        <test-method status="PASS" signature="setUp()[pri:0, instance:com.qa.codeElan.TestPages.Level4PageTest@10683d9d]" name="setUp" is-config="true" duration-ms="7488" started-at="2020-08-08T07:21:28Z" finished-at="2020-08-08T07:21:35Z">
          <reporter-output>
          </reporter-output>
        </test-method> <!-- setUp -->
        <test-method status="PASS" signature="level4PageLogin()[pri:0, instance:com.qa.codeElan.TestPages.Level4PageTest@10683d9d]" name="level4PageLogin" is-config="true" duration-ms="2742" started-at="2020-08-08T07:21:35Z" finished-at="2020-08-08T07:21:38Z">
          <reporter-output>
          </reporter-output>
        </test-method> <!-- level4PageLogin -->
        <test-method status="FAIL" signature="getApproveLevel4PageTest()[pri:7, instance:com.qa.codeElan.TestPages.Level4PageTest@10683d9d]" name="getApproveLevel4PageTest" duration-ms="122405" started-at="2020-08-08T07:21:38Z" finished-at="2020-08-08T07:23:40Z">
          <exception class="org.openqa.selenium.TimeoutException">
            <message>
              <![CDATA[Expected condition failed: waiting for element to be clickable: By.xpath: //button[contains(@name,'btnApproveContent')] (tried for 120 second(s) with 500 milliseconds interval)
Build info: version: '3.141.59', revision: 'e82be7d358', time: '2018-11-14T08:17:03'
System info: host: 'DELL', ip: '192.168.0.104', os.name: 'Windows 8.1', os.arch: 'amd64', os.version: '6.3', java.version: '1.8.0_251'
Driver info: org.openqa.selenium.chrome.ChromeDriver
Capabilities {acceptInsecureCerts: false, browserName: chrome, browserVersion: 84.0.4147.105, chrome: {chromedriverVersion: 84.0.4147.30 (48b3e868b4cc0..., userDataDir: C:\Users\Kamal\AppData\Loca...}, goog:chromeOptions: {debuggerAddress: localhost:54241}, javascriptEnabled: true, networkConnectionEnabled: false, pageLoadStrategy: normal, platform: WINDOWS, platformName: WINDOWS, proxy: Proxy(), setWindowRect: true, strictFileInteractability: false, timeouts: {implicit: 0, pageLoad: 300000, script: 30000}, unhandledPromptBehavior: dismiss and notify, webauthn:virtualAuthenticators: true}
Session ID: a1da674c264ea4f43c7d7155a89abeb6]]>
            </message>
            <full-stacktrace>
              <![CDATA[org.openqa.selenium.TimeoutException: Expected condition failed: waiting for element to be clickable: By.xpath: //button[contains(@name,'btnApproveContent')] (tried for 120 second(s) with 500 milliseconds interval)
Build info: version: '3.141.59', revision: 'e82be7d358', time: '2018-11-14T08:17:03'
System info: host: 'DELL', ip: '192.168.0.104', os.name: 'Windows 8.1', os.arch: 'amd64', os.version: '6.3', java.version: '1.8.0_251'
Driver info: org.openqa.selenium.chrome.ChromeDriver
Capabilities {acceptInsecureCerts: false, browserName: chrome, browserVersion: 84.0.4147.105, chrome: {chromedriverVersion: 84.0.4147.30 (48b3e868b4cc0..., userDataDir: C:\Users\Kamal\AppData\Loca...}, goog:chromeOptions: {debuggerAddress: localhost:54241}, javascriptEnabled: true, networkConnectionEnabled: false, pageLoadStrategy: normal, platform: WINDOWS, platformName: WINDOWS, proxy: Proxy(), setWindowRect: true, strictFileInteractability: false, timeouts: {implicit: 0, pageLoad: 300000, script: 30000}, unhandledPromptBehavior: dismiss and notify, webauthn:virtualAuthenticators: true}
Session ID: a1da674c264ea4f43c7d7155a89abeb6
at org.openqa.selenium.support.ui.WebDriverWait.timeoutException(WebDriverWait.java:95)
at org.openqa.selenium.support.ui.FluentWait.until(FluentWait.java:272)
at com.qa.codeElan.Utils.ElementUtils.waitForElementClickable(ElementUtils.java:137)
at com.qa.codeElan.Utils.ElementUtils.doClick(ElementUtils.java:121)
at com.qa.codeElan.page.Level4_Page.getIdeaApproveOnLevel4Page(Level4_Page.java:33)
at com.qa.codeElan.page.Level4_Page.getInitiateProjectForBreakThrough(Level4_Page.java:46)
at com.qa.codeElan.TestPages.Level4PageTest.getApproveLevel4PageTest(Level4PageTest.java:40)
at sun.reflect.NativeMethodAccessorImpl.invoke0(Native Method)
at sun.reflect.NativeMethodAccessorImpl.invoke(NativeMethodAccessorImpl.java:62)
at sun.reflect.DelegatingMethodAccessorImpl.invoke(DelegatingMethodAccessorImpl.java:43)
at java.lang.reflect.Method.invoke(Method.java:498)
at org.testng.internal.MethodInvocationHelper.invokeMethod(MethodInvocationHelper.java:124)
at org.testng.internal.Invoker.invokeMethod(Invoker.java:583)
at org.testng.internal.Invoker.invokeTestMethod(Invoker.java:719)
at org.testng.internal.Invoker.invokeTestMethods(Invoker.java:989)
at org.testng.internal.TestMethodWorker.invokeTestMethods(TestMethodWorker.java:124)
at org.testng.internal.TestMethodWorker.run(TestMethodWorker.java:109)
at org.testng.TestRunner.privateRun(TestRunner.java:648)
at org.testng.TestRunner.run(TestRunner.java:505)
at org.testng.SuiteRunner.runTest(SuiteRunner.java:455)
at org.testng.SuiteRunner.runSequentially(SuiteRunner.java:450)
at org.testng.SuiteRunner.privateRun(SuiteRunner.java:415)
at org.testng.SuiteRunner.run(SuiteRunner.java:364)
at org.testng.SuiteRunnerWorker.runSuite(SuiteRunnerWorker.java:52)
at org.testng.SuiteRunnerWorker.run(SuiteRunnerWorker.java:84)
at org.testng.TestNG.runSuitesSequentially(TestNG.java:1208)
at org.testng.TestNG.runSuitesLocally(TestNG.java:1137)
at org.testng.TestNG.runSuites(TestNG.java:1049)
at org.testng.TestNG.run(TestNG.java:1017)
at org.testng.remote.AbstractRemoteTestNG.run(AbstractRemoteTestNG.java:114)
at org.testng.remote.RemoteTestNG.initAndRun(RemoteTestNG.java:251)
at org.testng.remote.RemoteTestNG.main(RemoteTestNG.java:77)
]]>
            </full-stacktrace>
          </exception> <!-- org.openqa.selenium.TimeoutException -->
          <reporter-output>
          </reporter-output>
        </test-method> <!-- getApproveLevel4PageTest -->
        <test-method status="PASS" signature="quit(org.testng.ITestResult)[pri:0, instance:com.qa.codeElan.TestPages.Level4PageTest@10683d9d]" name="quit" is-config="true" duration-ms="10761" started-at="2020-08-08T07:23:44Z" finished-at="2020-08-08T07:23:54Z">
          <params>
            <param index="0">
              <value>
                <![CDATA[[TestResult name=getApproveLevel4PageTest status=FAILURE method=Level4PageTest.getApproveLevel4PageTest()[pri:7, instance:com.qa.codeElan.TestPages.Level4PageTest@10683d9d] output={null}]]]>
              </value>
            </param>
          </params>
          <reporter-output>
          </reporter-output>
        </test-method> <!-- quit -->
      </class> <!-- com.qa.codeElan.TestPages.Level4PageTest -->
    </test> <!-- Test -->
  </suite> <!-- Suite -->
</testng-results>
